[debug] [2024-12-07T07:21:47.625Z] [Firebase Plugin] Activating Firebase extension.
[debug] [2024-12-07T07:21:50.571Z] [Firebase Plugin] VSCode notification server listening on port 40001
[info] [Firebase Plugin] Starting Data Connect toolkit on port 50001
[info] i  dataconnect: downloading dataconnect-emulator-1.7.4.exe... {"metadata":{"emulator":{"name":"dataconnect"},"message":"downloading dataconnect-emulator-1.7.4.exe..."}}
[debug] [2024-12-07T07:21:51.907Z] >>> [apiv2][query] GET https://storage.googleapis.com/firemat-preview-drop/emulator/dataconnect-emulator-windows-v1.7.4 
[debug] [2024-12-07T07:21:52.850Z] <<< [apiv2][status] GET https://storage.googleapis.com/firemat-preview-drop/emulator/dataconnect-emulator-windows-v1.7.4 200
[debug] [2024-12-07T07:21:52.853Z] <<< [apiv2][body] GET https://storage.googleapis.com/firemat-preview-drop/emulator/dataconnect-emulator-windows-v1.7.4 [stream]
[debug] [2024-12-07T07:22:05.701Z] 'fdc build' failed with error: Unable to build your Data Connect schema and connectors (exit code 1): E1207 12:52:05.688330   16508 cmd.go:43] Error loading data connect config: could not find dataconnect.yaml in `f:\pasindu\Git\project\devfest-2023-demo\dataconnect`
 {"metadata":{"emulator":{"name":"dataconnect"},"message":"'fdc build' failed with error: Unable to build your Data Connect schema and connectors (exit code 1): E1207 12:52:05.688330   16508 cmd.go:43] Error loading data connect config: could not find dataconnect.yaml in `f:\\pasindu\\Git\\project\\devfest-2023-demo\\dataconnect`\n"}}
[debug] [2024-12-07T07:22:05.704Z] Ignoring unsupported arg: auto_download {"metadata":{"emulator":{"name":"dataconnect"},"message":"Ignoring unsupported arg: auto_download"}}
[debug] [2024-12-07T07:22:05.706Z] Ignoring unsupported arg: port {"metadata":{"emulator":{"name":"dataconnect"},"message":"Ignoring unsupported arg: port"}}
[debug] [2024-12-07T07:22:05.707Z] Starting Data Connect Emulator with command {"binary":"C:\\Users\\Asus\\.cache\\firebase\\emulators\\dataconnect-emulator-1.7.4.exe","args":["--logtostderr","-v=2","dev","--listen=localhost:50001","--config_dir=f:\\pasindu\\Git\\project\\devfest-2023-demo\\dataconnect","--enable_output_schema_extensions=true","--enable_output_generated_sdk=true"],"optionalArgs":["listen","config_dir","enable_output_schema_extensions","enable_output_generated_sdk"],"joinArgs":true,"shell":false,"port":9399} {"metadata":{"emulator":{"name":"dataconnect"},"message":"Starting Data Connect Emulator with command {\"binary\":\"C:\\\\Users\\\\Asus\\\\.cache\\\\firebase\\\\emulators\\\\dataconnect-emulator-1.7.4.exe\",\"args\":[\"--logtostderr\",\"-v=2\",\"dev\",\"--listen=localhost:50001\",\"--config_dir=f:\\\\pasindu\\\\Git\\\\project\\\\devfest-2023-demo\\\\dataconnect\",\"--enable_output_schema_extensions=true\",\"--enable_output_generated_sdk=true\"],\"optionalArgs\":[\"listen\",\"config_dir\",\"enable_output_schema_extensions\",\"enable_output_generated_sdk\"],\"joinArgs\":true,\"shell\":false,\"port\":9399}"}}
[info] i  dataconnect: Data Connect Emulator logging to dataconnect-debug.log {"metadata":{"emulator":{"name":"dataconnect"},"message":"Data Connect Emulator logging to \u001b[1mdataconnect-debug.log\u001b[22m"}}
[debug] [2024-12-07T07:22:05.806Z] E1207 12:52:05.805281   12316 load.go:23] Could not load config from "f:\\pasindu\\Git\\project\\devfest-2023-demo\\dataconnect": could not find dataconnect.yaml in `f:\pasindu\Git\project\devfest-2023-demo\dataconnect`
 {"metadata":{"emulator":{"name":"dataconnect"},"message":"E1207 12:52:05.805281   12316 load.go:23] Could not load config from \"f:\\\\pasindu\\\\Git\\\\project\\\\devfest-2023-demo\\\\dataconnect\": could not find dataconnect.yaml in `f:\\pasindu\\Git\\project\\devfest-2023-demo\\dataconnect`\n"}}
[debug] [2024-12-07T07:22:05.808Z] E1207 12:52:05.807291   12316 watch.go:75] watchAllDir unable to walk dir `f:\pasindu\Git\project\devfest-2023-demo\dataconnect`: on path "f:\\pasindu\\Git\\project\\devfest-2023-demo\\dataconnect" (DirEntry: <nil>): CreateFile f:\pasindu\Git\project\devfest-2023-demo\dataconnect: The system cannot find the file specified.
 {"metadata":{"emulator":{"name":"dataconnect"},"message":"E1207 12:52:05.807291   12316 watch.go:75] watchAllDir unable to walk dir `f:\\pasindu\\Git\\project\\devfest-2023-demo\\dataconnect`: on path \"f:\\\\pasindu\\\\Git\\\\project\\\\devfest-2023-demo\\\\dataconnect\" (DirEntry: <nil>): CreateFile f:\\pasindu\\Git\\project\\devfest-2023-demo\\dataconnect: The system cannot find the file specified.\n"}}
[debug] [2024-12-07T07:22:05.836Z] I1207 12:52:05.836951   12316 dev.go:95] Listening on address (HTTP + gRPC): 127.0.0.1:50001
 {"metadata":{"emulator":{"name":"dataconnect"},"message":"I1207 12:52:05.836951   12316 dev.go:95] Listening on address (HTTP + gRPC): 127.0.0.1:50001\n"}}
[error] [Firebase Plugin] error:  {}
[debug] [2024-12-07T07:22:15.810Z] E1207 12:52:15.810384   12316 load.go:23] Could not load config from "f:\\pasindu\\Git\\project\\devfest-2023-demo\\dataconnect": could not find dataconnect.yaml in `f:\pasindu\Git\project\devfest-2023-demo\dataconnect`
 {"metadata":{"emulator":{"name":"dataconnect"},"message":"E1207 12:52:15.810384   12316 load.go:23] Could not load config from \"f:\\\\pasindu\\\\Git\\\\project\\\\devfest-2023-demo\\\\dataconnect\": could not find dataconnect.yaml in `f:\\pasindu\\Git\\project\\devfest-2023-demo\\dataconnect`\n"}}
[debug] [2024-12-07T07:22:25.812Z] E1207 12:52:25.811732   12316 load.go:23] Could not load config from "f:\\pasindu\\Git\\project\\devfest-2023-demo\\dataconnect": could not find dataconnect.yaml in `f:\pasindu\Git\project\devfest-2023-demo\dataconnect`
 {"metadata":{"emulator":{"name":"dataconnect"},"message":"E1207 12:52:25.811732   12316 load.go:23] Could not load config from \"f:\\\\pasindu\\\\Git\\\\project\\\\devfest-2023-demo\\\\dataconnect\": could not find dataconnect.yaml in `f:\\pasindu\\Git\\project\\devfest-2023-demo\\dataconnect`\n"}}
[debug] [2024-12-07T07:22:35.822Z] E1207 12:52:35.822212   12316 load.go:23] Could not load config from "f:\\pasindu\\Git\\project\\devfest-2023-demo\\dataconnect": could not find dataconnect.yaml in `f:\pasindu\Git\project\devfest-2023-demo\dataconnect`
 {"metadata":{"emulator":{"name":"dataconnect"},"message":"E1207 12:52:35.822212   12316 load.go:23] Could not load config from \"f:\\\\pasindu\\\\Git\\\\project\\\\devfest-2023-demo\\\\dataconnect\": could not find dataconnect.yaml in `f:\\pasindu\\Git\\project\\devfest-2023-demo\\dataconnect`\n"}}
[debug] [2024-12-07T07:22:45.823Z] E1207 12:52:45.822764   12316 load.go:23] Could not load config from "f:\\pasindu\\Git\\project\\devfest-2023-demo\\dataconnect": could not find dataconnect.yaml in `f:\pasindu\Git\project\devfest-2023-demo\dataconnect`
 {"metadata":{"emulator":{"name":"dataconnect"},"message":"E1207 12:52:45.822764   12316 load.go:23] Could not load config from \"f:\\\\pasindu\\\\Git\\\\project\\\\devfest-2023-demo\\\\dataconnect\": could not find dataconnect.yaml in `f:\\pasindu\\Git\\project\\devfest-2023-demo\\dataconnect`\n"}}
[debug] [2024-12-07T07:22:55.822Z] E1207 12:52:55.822579   12316 load.go:23] Could not load config from "f:\\pasindu\\Git\\project\\devfest-2023-demo\\dataconnect": could not find dataconnect.yaml in `f:\pasindu\Git\project\devfest-2023-demo\dataconnect`
 {"metadata":{"emulator":{"name":"dataconnect"},"message":"E1207 12:52:55.822579   12316 load.go:23] Could not load config from \"f:\\\\pasindu\\\\Git\\\\project\\\\devfest-2023-demo\\\\dataconnect\": could not find dataconnect.yaml in `f:\\pasindu\\Git\\project\\devfest-2023-demo\\dataconnect`\n"}}
[debug] [2024-12-07T07:23:05.811Z] E1207 12:53:05.810322   12316 load.go:23] Could not load config from "f:\\pasindu\\Git\\project\\devfest-2023-demo\\dataconnect": could not find dataconnect.yaml in `f:\pasindu\Git\project\devfest-2023-demo\dataconnect`
 {"metadata":{"emulator":{"name":"dataconnect"},"message":"E1207 12:53:05.810322   12316 load.go:23] Could not load config from \"f:\\\\pasindu\\\\Git\\\\project\\\\devfest-2023-demo\\\\dataconnect\": could not find dataconnect.yaml in `f:\\pasindu\\Git\\project\\devfest-2023-demo\\dataconnect`\n"}}
[debug] [2024-12-07T07:23:15.815Z] E1207 12:53:15.814974   12316 load.go:23] Could not load config from "f:\\pasindu\\Git\\project\\devfest-2023-demo\\dataconnect": could not find dataconnect.yaml in `f:\pasindu\Git\project\devfest-2023-demo\dataconnect`
 {"metadata":{"emulator":{"name":"dataconnect"},"message":"E1207 12:53:15.814974   12316 load.go:23] Could not load config from \"f:\\\\pasindu\\\\Git\\\\project\\\\devfest-2023-demo\\\\dataconnect\": could not find dataconnect.yaml in `f:\\pasindu\\Git\\project\\devfest-2023-demo\\dataconnect`\n"}}
[debug] [2024-12-07T07:23:25.819Z] E1207 12:53:25.819567   12316 load.go:23] Could not load config from "f:\\pasindu\\Git\\project\\devfest-2023-demo\\dataconnect": could not find dataconnect.yaml in `f:\pasindu\Git\project\devfest-2023-demo\dataconnect`
 {"metadata":{"emulator":{"name":"dataconnect"},"message":"E1207 12:53:25.819567   12316 load.go:23] Could not load config from \"f:\\\\pasindu\\\\Git\\\\project\\\\devfest-2023-demo\\\\dataconnect\": could not find dataconnect.yaml in `f:\\pasindu\\Git\\project\\devfest-2023-demo\\dataconnect`\n"}}
[debug] [2024-12-07T07:23:35.823Z] E1207 12:53:35.823616   12316 load.go:23] Could not load config from "f:\\pasindu\\Git\\project\\devfest-2023-demo\\dataconnect": could not find dataconnect.yaml in `f:\pasindu\Git\project\devfest-2023-demo\dataconnect`
 {"metadata":{"emulator":{"name":"dataconnect"},"message":"E1207 12:53:35.823616   12316 load.go:23] Could not load config from \"f:\\\\pasindu\\\\Git\\\\project\\\\devfest-2023-demo\\\\dataconnect\": could not find dataconnect.yaml in `f:\\pasindu\\Git\\project\\devfest-2023-demo\\dataconnect`\n"}}
[debug] [2024-12-07T07:23:45.822Z] E1207 12:53:45.822315   12316 load.go:23] Could not load config from "f:\\pasindu\\Git\\project\\devfest-2023-demo\\dataconnect": could not find dataconnect.yaml in `f:\pasindu\Git\project\devfest-2023-demo\dataconnect`
 {"metadata":{"emulator":{"name":"dataconnect"},"message":"E1207 12:53:45.822315   12316 load.go:23] Could not load config from \"f:\\\\pasindu\\\\Git\\\\project\\\\devfest-2023-demo\\\\dataconnect\": could not find dataconnect.yaml in `f:\\pasindu\\Git\\project\\devfest-2023-demo\\dataconnect`\n"}}
[debug] [2024-12-07T07:23:55.811Z] E1207 12:53:55.810525   12316 load.go:23] Could not load config from "f:\\pasindu\\Git\\project\\devfest-2023-demo\\dataconnect": could not find dataconnect.yaml in `f:\pasindu\Git\project\devfest-2023-demo\dataconnect`
 {"metadata":{"emulator":{"name":"dataconnect"},"message":"E1207 12:53:55.810525   12316 load.go:23] Could not load config from \"f:\\\\pasindu\\\\Git\\\\project\\\\devfest-2023-demo\\\\dataconnect\": could not find dataconnect.yaml in `f:\\pasindu\\Git\\project\\devfest-2023-demo\\dataconnect`\n"}}
[debug] [2024-12-07T07:24:05.809Z] E1207 12:54:05.808782   12316 load.go:23] Could not load config from "f:\\pasindu\\Git\\project\\devfest-2023-demo\\dataconnect": could not find dataconnect.yaml in `f:\pasindu\Git\project\devfest-2023-demo\dataconnect`
E1207 12:54:05.809617   12316 watch.go:75] watchAllDir unable to walk dir `f:\pasindu\Git\project\devfest-2023-demo\dataconnect`: on path "f:\\pasindu\\Git\\project\\devfest-2023-demo\\dataconnect" (DirEntry: <nil>): CreateFile f:\pasindu\Git\project\devfest-2023-demo\dataconnect: The system cannot find the file specified.
 {"metadata":{"emulator":{"name":"dataconnect"},"message":"E1207 12:54:05.808782   12316 load.go:23] Could not load config from \"f:\\\\pasindu\\\\Git\\\\project\\\\devfest-2023-demo\\\\dataconnect\": could not find dataconnect.yaml in `f:\\pasindu\\Git\\project\\devfest-2023-demo\\dataconnect`\nE1207 12:54:05.809617   12316 watch.go:75] watchAllDir unable to walk dir `f:\\pasindu\\Git\\project\\devfest-2023-demo\\dataconnect`: on path \"f:\\\\pasindu\\\\Git\\\\project\\\\devfest-2023-demo\\\\dataconnect\" (DirEntry: <nil>): CreateFile f:\\pasindu\\Git\\project\\devfest-2023-demo\\dataconnect: The system cannot find the file specified.\n"}}
[debug] [2024-12-07T07:24:15.820Z] E1207 12:54:15.820706   12316 load.go:23] Could not load config from "f:\\pasindu\\Git\\project\\devfest-2023-demo\\dataconnect": could not find dataconnect.yaml in `f:\pasindu\Git\project\devfest-2023-demo\dataconnect`
 {"metadata":{"emulator":{"name":"dataconnect"},"message":"E1207 12:54:15.820706   12316 load.go:23] Could not load config from \"f:\\\\pasindu\\\\Git\\\\project\\\\devfest-2023-demo\\\\dataconnect\": could not find dataconnect.yaml in `f:\\pasindu\\Git\\project\\devfest-2023-demo\\dataconnect`\n"}}
[debug] [2024-12-07T07:24:25.820Z] E1207 12:54:25.820393   12316 load.go:23] Could not load config from "f:\\pasindu\\Git\\project\\devfest-2023-demo\\dataconnect": could not find dataconnect.yaml in `f:\pasindu\Git\project\devfest-2023-demo\dataconnect`
 {"metadata":{"emulator":{"name":"dataconnect"},"message":"E1207 12:54:25.820393   12316 load.go:23] Could not load config from \"f:\\\\pasindu\\\\Git\\\\project\\\\devfest-2023-demo\\\\dataconnect\": could not find dataconnect.yaml in `f:\\pasindu\\Git\\project\\devfest-2023-demo\\dataconnect`\n"}}
[debug] [2024-12-07T07:24:35.819Z] E1207 12:54:35.818678   12316 load.go:23] Could not load config from "f:\\pasindu\\Git\\project\\devfest-2023-demo\\dataconnect": could not find dataconnect.yaml in `f:\pasindu\Git\project\devfest-2023-demo\dataconnect`
 {"metadata":{"emulator":{"name":"dataconnect"},"message":"E1207 12:54:35.818678   12316 load.go:23] Could not load config from \"f:\\\\pasindu\\\\Git\\\\project\\\\devfest-2023-demo\\\\dataconnect\": could not find dataconnect.yaml in `f:\\pasindu\\Git\\project\\devfest-2023-demo\\dataconnect`\n"}}
[debug] [2024-12-07T07:24:45.818Z] E1207 12:54:45.818076   12316 load.go:23] Could not load config from "f:\\pasindu\\Git\\project\\devfest-2023-demo\\dataconnect": could not find dataconnect.yaml in `f:\pasindu\Git\project\devfest-2023-demo\dataconnect`
 {"metadata":{"emulator":{"name":"dataconnect"},"message":"E1207 12:54:45.818076   12316 load.go:23] Could not load config from \"f:\\\\pasindu\\\\Git\\\\project\\\\devfest-2023-demo\\\\dataconnect\": could not find dataconnect.yaml in `f:\\pasindu\\Git\\project\\devfest-2023-demo\\dataconnect`\n"}}
[debug] [2024-12-07T07:24:55.820Z] E1207 12:54:55.820314   12316 load.go:23] Could not load config from "f:\\pasindu\\Git\\project\\devfest-2023-demo\\dataconnect": could not find dataconnect.yaml in `f:\pasindu\Git\project\devfest-2023-demo\dataconnect`
 {"metadata":{"emulator":{"name":"dataconnect"},"message":"E1207 12:54:55.820314   12316 load.go:23] Could not load config from \"f:\\\\pasindu\\\\Git\\\\project\\\\devfest-2023-demo\\\\dataconnect\": could not find dataconnect.yaml in `f:\\pasindu\\Git\\project\\devfest-2023-demo\\dataconnect`\n"}}
[debug] [2024-12-07T07:25:05.812Z] E1207 12:55:05.812448   12316 load.go:23] Could not load config from "f:\\pasindu\\Git\\project\\devfest-2023-demo\\dataconnect": could not find dataconnect.yaml in `f:\pasindu\Git\project\devfest-2023-demo\dataconnect`
 {"metadata":{"emulator":{"name":"dataconnect"},"message":"E1207 12:55:05.812448   12316 load.go:23] Could not load config from \"f:\\\\pasindu\\\\Git\\\\project\\\\devfest-2023-demo\\\\dataconnect\": could not find dataconnect.yaml in `f:\\pasindu\\Git\\project\\devfest-2023-demo\\dataconnect`\n"}}
[debug] [2024-12-07T07:25:15.810Z] E1207 12:55:15.809856   12316 load.go:23] Could not load config from "f:\\pasindu\\Git\\project\\devfest-2023-demo\\dataconnect": could not find dataconnect.yaml in `f:\pasindu\Git\project\devfest-2023-demo\dataconnect`
 {"metadata":{"emulator":{"name":"dataconnect"},"message":"E1207 12:55:15.809856   12316 load.go:23] Could not load config from \"f:\\\\pasindu\\\\Git\\\\project\\\\devfest-2023-demo\\\\dataconnect\": could not find dataconnect.yaml in `f:\\pasindu\\Git\\project\\devfest-2023-demo\\dataconnect`\n"}}
[debug] [2024-12-07T07:25:25.820Z] E1207 12:55:25.820273   12316 load.go:23] Could not load config from "f:\\pasindu\\Git\\project\\devfest-2023-demo\\dataconnect": could not find dataconnect.yaml in `f:\pasindu\Git\project\devfest-2023-demo\dataconnect`
 {"metadata":{"emulator":{"name":"dataconnect"},"message":"E1207 12:55:25.820273   12316 load.go:23] Could not load config from \"f:\\\\pasindu\\\\Git\\\\project\\\\devfest-2023-demo\\\\dataconnect\": could not find dataconnect.yaml in `f:\\pasindu\\Git\\project\\devfest-2023-demo\\dataconnect`\n"}}
[debug] [2024-12-07T07:25:35.823Z] E1207 12:55:35.823113   12316 load.go:23] Could not load config from "f:\\pasindu\\Git\\project\\devfest-2023-demo\\dataconnect": could not find dataconnect.yaml in `f:\pasindu\Git\project\devfest-2023-demo\dataconnect`
 {"metadata":{"emulator":{"name":"dataconnect"},"message":"E1207 12:55:35.823113   12316 load.go:23] Could not load config from \"f:\\\\pasindu\\\\Git\\\\project\\\\devfest-2023-demo\\\\dataconnect\": could not find dataconnect.yaml in `f:\\pasindu\\Git\\project\\devfest-2023-demo\\dataconnect`\n"}}
[debug] [2024-12-07T07:25:45.813Z] E1207 12:55:45.812566   12316 load.go:23] Could not load config from "f:\\pasindu\\Git\\project\\devfest-2023-demo\\dataconnect": could not find dataconnect.yaml in `f:\pasindu\Git\project\devfest-2023-demo\dataconnect`
 {"metadata":{"emulator":{"name":"dataconnect"},"message":"E1207 12:55:45.812566   12316 load.go:23] Could not load config from \"f:\\\\pasindu\\\\Git\\\\project\\\\devfest-2023-demo\\\\dataconnect\": could not find dataconnect.yaml in `f:\\pasindu\\Git\\project\\devfest-2023-demo\\dataconnect`\n"}}
[debug] [2024-12-07T07:25:55.809Z] E1207 12:55:55.809053   12316 load.go:23] Could not load config from "f:\\pasindu\\Git\\project\\devfest-2023-demo\\dataconnect": could not find dataconnect.yaml in `f:\pasindu\Git\project\devfest-2023-demo\dataconnect`
 {"metadata":{"emulator":{"name":"dataconnect"},"message":"E1207 12:55:55.809053   12316 load.go:23] Could not load config from \"f:\\\\pasindu\\\\Git\\\\project\\\\devfest-2023-demo\\\\dataconnect\": could not find dataconnect.yaml in `f:\\pasindu\\Git\\project\\devfest-2023-demo\\dataconnect`\n"}}
[debug] [2024-12-07T07:26:05.820Z] E1207 12:56:05.819872   12316 load.go:23] Could not load config from "f:\\pasindu\\Git\\project\\devfest-2023-demo\\dataconnect": could not find dataconnect.yaml in `f:\pasindu\Git\project\devfest-2023-demo\dataconnect`
E1207 12:56:05.819872   12316 watch.go:75] watchAllDir unable to walk dir `f:\pasindu\Git\project\devfest-2023-demo\dataconnect`: on path "f:\\pasindu\\Git\\project\\devfest-2023-demo\\dataconnect" (DirEntry: <nil>): CreateFile f:\pasindu\Git\project\devfest-2023-demo\dataconnect: The system cannot find the file specified.
 {"metadata":{"emulator":{"name":"dataconnect"},"message":"E1207 12:56:05.819872   12316 load.go:23] Could not load config from \"f:\\\\pasindu\\\\Git\\\\project\\\\devfest-2023-demo\\\\dataconnect\": could not find dataconnect.yaml in `f:\\pasindu\\Git\\project\\devfest-2023-demo\\dataconnect`\nE1207 12:56:05.819872   12316 watch.go:75] watchAllDir unable to walk dir `f:\\pasindu\\Git\\project\\devfest-2023-demo\\dataconnect`: on path \"f:\\\\pasindu\\\\Git\\\\project\\\\devfest-2023-demo\\\\dataconnect\" (DirEntry: <nil>): CreateFile f:\\pasindu\\Git\\project\\devfest-2023-demo\\dataconnect: The system cannot find the file specified.\n"}}
[debug] [2024-12-07T07:26:15.814Z] E1207 12:56:15.813381   12316 load.go:23] Could not load config from "f:\\pasindu\\Git\\project\\devfest-2023-demo\\dataconnect": could not find dataconnect.yaml in `f:\pasindu\Git\project\devfest-2023-demo\dataconnect`
 {"metadata":{"emulator":{"name":"dataconnect"},"message":"E1207 12:56:15.813381   12316 load.go:23] Could not load config from \"f:\\\\pasindu\\\\Git\\\\project\\\\devfest-2023-demo\\\\dataconnect\": could not find dataconnect.yaml in `f:\\pasindu\\Git\\project\\devfest-2023-demo\\dataconnect`\n"}}
[debug] [2024-12-07T07:26:25.826Z] E1207 12:56:25.825445   12316 load.go:23] Could not load config from "f:\\pasindu\\Git\\project\\devfest-2023-demo\\dataconnect": could not find dataconnect.yaml in `f:\pasindu\Git\project\devfest-2023-demo\dataconnect`
 {"metadata":{"emulator":{"name":"dataconnect"},"message":"E1207 12:56:25.825445   12316 load.go:23] Could not load config from \"f:\\\\pasindu\\\\Git\\\\project\\\\devfest-2023-demo\\\\dataconnect\": could not find dataconnect.yaml in `f:\\pasindu\\Git\\project\\devfest-2023-demo\\dataconnect`\n"}}
[debug] [2024-12-07T07:26:35.822Z] E1207 12:56:35.822082   12316 load.go:23] Could not load config from "f:\\pasindu\\Git\\project\\devfest-2023-demo\\dataconnect": could not find dataconnect.yaml in `f:\pasindu\Git\project\devfest-2023-demo\dataconnect`
 {"metadata":{"emulator":{"name":"dataconnect"},"message":"E1207 12:56:35.822082   12316 load.go:23] Could not load config from \"f:\\\\pasindu\\\\Git\\\\project\\\\devfest-2023-demo\\\\dataconnect\": could not find dataconnect.yaml in `f:\\pasindu\\Git\\project\\devfest-2023-demo\\dataconnect`\n"}}
[debug] [2024-12-07T07:26:45.814Z] E1207 12:56:45.813878   12316 load.go:23] Could not load config from "f:\\pasindu\\Git\\project\\devfest-2023-demo\\dataconnect": could not find dataconnect.yaml in `f:\pasindu\Git\project\devfest-2023-demo\dataconnect`
 {"metadata":{"emulator":{"name":"dataconnect"},"message":"E1207 12:56:45.813878   12316 load.go:23] Could not load config from \"f:\\\\pasindu\\\\Git\\\\project\\\\devfest-2023-demo\\\\dataconnect\": could not find dataconnect.yaml in `f:\\pasindu\\Git\\project\\devfest-2023-demo\\dataconnect`\n"}}
[debug] [2024-12-07T07:26:55.823Z] E1207 12:56:55.823112   12316 load.go:23] Could not load config from "f:\\pasindu\\Git\\project\\devfest-2023-demo\\dataconnect": could not find dataconnect.yaml in `f:\pasindu\Git\project\devfest-2023-demo\dataconnect`
 {"metadata":{"emulator":{"name":"dataconnect"},"message":"E1207 12:56:55.823112   12316 load.go:23] Could not load config from \"f:\\\\pasindu\\\\Git\\\\project\\\\devfest-2023-demo\\\\dataconnect\": could not find dataconnect.yaml in `f:\\pasindu\\Git\\project\\devfest-2023-demo\\dataconnect`\n"}}
[debug] [2024-12-07T07:27:05.822Z] E1207 12:57:05.822138   12316 load.go:23] Could not load config from "f:\\pasindu\\Git\\project\\devfest-2023-demo\\dataconnect": could not find dataconnect.yaml in `f:\pasindu\Git\project\devfest-2023-demo\dataconnect`
 {"metadata":{"emulator":{"name":"dataconnect"},"message":"E1207 12:57:05.822138   12316 load.go:23] Could not load config from \"f:\\\\pasindu\\\\Git\\\\project\\\\devfest-2023-demo\\\\dataconnect\": could not find dataconnect.yaml in `f:\\pasindu\\Git\\project\\devfest-2023-demo\\dataconnect`\n"}}
[debug] [2024-12-07T07:27:15.826Z] E1207 12:57:15.823041   12316 load.go:23] Could not load config from "f:\\pasindu\\Git\\project\\devfest-2023-demo\\dataconnect": could not find dataconnect.yaml in `f:\pasindu\Git\project\devfest-2023-demo\dataconnect`
 {"metadata":{"emulator":{"name":"dataconnect"},"message":"E1207 12:57:15.823041   12316 load.go:23] Could not load config from \"f:\\\\pasindu\\\\Git\\\\project\\\\devfest-2023-demo\\\\dataconnect\": could not find dataconnect.yaml in `f:\\pasindu\\Git\\project\\devfest-2023-demo\\dataconnect`\n"}}
[debug] [2024-12-07T07:27:25.823Z] E1207 12:57:25.823280   12316 load.go:23] Could not load config from "f:\\pasindu\\Git\\project\\devfest-2023-demo\\dataconnect": could not find dataconnect.yaml in `f:\pasindu\Git\project\devfest-2023-demo\dataconnect`
 {"metadata":{"emulator":{"name":"dataconnect"},"message":"E1207 12:57:25.823280   12316 load.go:23] Could not load config from \"f:\\\\pasindu\\\\Git\\\\project\\\\devfest-2023-demo\\\\dataconnect\": could not find dataconnect.yaml in `f:\\pasindu\\Git\\project\\devfest-2023-demo\\dataconnect`\n"}}
[debug] [2024-12-07T07:27:35.822Z] E1207 12:57:35.822731   12316 load.go:23] Could not load config from "f:\\pasindu\\Git\\project\\devfest-2023-demo\\dataconnect": could not find dataconnect.yaml in `f:\pasindu\Git\project\devfest-2023-demo\dataconnect`
 {"metadata":{"emulator":{"name":"dataconnect"},"message":"E1207 12:57:35.822731   12316 load.go:23] Could not load config from \"f:\\\\pasindu\\\\Git\\\\project\\\\devfest-2023-demo\\\\dataconnect\": could not find dataconnect.yaml in `f:\\pasindu\\Git\\project\\devfest-2023-demo\\dataconnect`\n"}}
[debug] [2024-12-07T07:27:45.821Z] E1207 12:57:45.820918   12316 load.go:23] Could not load config from "f:\\pasindu\\Git\\project\\devfest-2023-demo\\dataconnect": could not find dataconnect.yaml in `f:\pasindu\Git\project\devfest-2023-demo\dataconnect`
 {"metadata":{"emulator":{"name":"dataconnect"},"message":"E1207 12:57:45.820918   12316 load.go:23] Could not load config from \"f:\\\\pasindu\\\\Git\\\\project\\\\devfest-2023-demo\\\\dataconnect\": could not find dataconnect.yaml in `f:\\pasindu\\Git\\project\\devfest-2023-demo\\dataconnect`\n"}}
[debug] [2024-12-07T07:27:55.822Z] E1207 12:57:55.822329   12316 load.go:23] Could not load config from "f:\\pasindu\\Git\\project\\devfest-2023-demo\\dataconnect": could not find dataconnect.yaml in `f:\pasindu\Git\project\devfest-2023-demo\dataconnect`
 {"metadata":{"emulator":{"name":"dataconnect"},"message":"E1207 12:57:55.822329   12316 load.go:23] Could not load config from \"f:\\\\pasindu\\\\Git\\\\project\\\\devfest-2023-demo\\\\dataconnect\": could not find dataconnect.yaml in `f:\\pasindu\\Git\\project\\devfest-2023-demo\\dataconnect`\n"}}
[debug] [2024-12-07T07:28:05.808Z] E1207 12:58:05.807844   12316 load.go:23] Could not load config from "f:\\pasindu\\Git\\project\\devfest-2023-demo\\dataconnect": could not find dataconnect.yaml in `f:\pasindu\Git\project\devfest-2023-demo\dataconnect`
 {"metadata":{"emulator":{"name":"dataconnect"},"message":"E1207 12:58:05.807844   12316 load.go:23] Could not load config from \"f:\\\\pasindu\\\\Git\\\\project\\\\devfest-2023-demo\\\\dataconnect\": could not find dataconnect.yaml in `f:\\pasindu\\Git\\project\\devfest-2023-demo\\dataconnect`\n"}}
[debug] [2024-12-07T07:28:05.840Z] E1207 12:58:05.838947   12316 watch.go:75] watchAllDir unable to walk dir `f:\pasindu\Git\project\devfest-2023-demo\dataconnect`: on path "f:\\pasindu\\Git\\project\\devfest-2023-demo\\dataconnect" (DirEntry: <nil>): CreateFile f:\pasindu\Git\project\devfest-2023-demo\dataconnect: The system cannot find the file specified.
 {"metadata":{"emulator":{"name":"dataconnect"},"message":"E1207 12:58:05.838947   12316 watch.go:75] watchAllDir unable to walk dir `f:\\pasindu\\Git\\project\\devfest-2023-demo\\dataconnect`: on path \"f:\\\\pasindu\\\\Git\\\\project\\\\devfest-2023-demo\\\\dataconnect\" (DirEntry: <nil>): CreateFile f:\\pasindu\\Git\\project\\devfest-2023-demo\\dataconnect: The system cannot find the file specified.\n"}}
[debug] [2024-12-07T07:28:15.814Z] E1207 12:58:15.813917   12316 load.go:23] Could not load config from "f:\\pasindu\\Git\\project\\devfest-2023-demo\\dataconnect": could not find dataconnect.yaml in `f:\pasindu\Git\project\devfest-2023-demo\dataconnect`
 {"metadata":{"emulator":{"name":"dataconnect"},"message":"E1207 12:58:15.813917   12316 load.go:23] Could not load config from \"f:\\\\pasindu\\\\Git\\\\project\\\\devfest-2023-demo\\\\dataconnect\": could not find dataconnect.yaml in `f:\\pasindu\\Git\\project\\devfest-2023-demo\\dataconnect`\n"}}
[debug] [2024-12-07T07:28:25.871Z] E1207 12:58:25.870527   12316 load.go:23] Could not load config from "f:\\pasindu\\Git\\project\\devfest-2023-demo\\dataconnect": could not find dataconnect.yaml in `f:\pasindu\Git\project\devfest-2023-demo\dataconnect`
 {"metadata":{"emulator":{"name":"dataconnect"},"message":"E1207 12:58:25.870527   12316 load.go:23] Could not load config from \"f:\\\\pasindu\\\\Git\\\\project\\\\devfest-2023-demo\\\\dataconnect\": could not find dataconnect.yaml in `f:\\pasindu\\Git\\project\\devfest-2023-demo\\dataconnect`\n"}}
[debug] [2024-12-07T07:28:35.822Z] E1207 12:58:35.822534   12316 load.go:23] Could not load config from "f:\\pasindu\\Git\\project\\devfest-2023-demo\\dataconnect": could not find dataconnect.yaml in `f:\pasindu\Git\project\devfest-2023-demo\dataconnect`
 {"metadata":{"emulator":{"name":"dataconnect"},"message":"E1207 12:58:35.822534   12316 load.go:23] Could not load config from \"f:\\\\pasindu\\\\Git\\\\project\\\\devfest-2023-demo\\\\dataconnect\": could not find dataconnect.yaml in `f:\\pasindu\\Git\\project\\devfest-2023-demo\\dataconnect`\n"}}
[debug] [2024-12-07T07:28:45.814Z] E1207 12:58:45.813825   12316 load.go:23] Could not load config from "f:\\pasindu\\Git\\project\\devfest-2023-demo\\dataconnect": could not find dataconnect.yaml in `f:\pasindu\Git\project\devfest-2023-demo\dataconnect`
 {"metadata":{"emulator":{"name":"dataconnect"},"message":"E1207 12:58:45.813825   12316 load.go:23] Could not load config from \"f:\\\\pasindu\\\\Git\\\\project\\\\devfest-2023-demo\\\\dataconnect\": could not find dataconnect.yaml in `f:\\pasindu\\Git\\project\\devfest-2023-demo\\dataconnect`\n"}}
[debug] [2024-12-07T07:28:55.836Z] E1207 12:58:55.835571   12316 load.go:23] Could not load config from "f:\\pasindu\\Git\\project\\devfest-2023-demo\\dataconnect": could not find dataconnect.yaml in `f:\pasindu\Git\project\devfest-2023-demo\dataconnect`
 {"metadata":{"emulator":{"name":"dataconnect"},"message":"E1207 12:58:55.835571   12316 load.go:23] Could not load config from \"f:\\\\pasindu\\\\Git\\\\project\\\\devfest-2023-demo\\\\dataconnect\": could not find dataconnect.yaml in `f:\\pasindu\\Git\\project\\devfest-2023-demo\\dataconnect`\n"}}
[debug] [2024-12-07T07:29:05.810Z] E1207 12:59:05.810384   12316 load.go:23] Could not load config from "f:\\pasindu\\Git\\project\\devfest-2023-demo\\dataconnect": could not find dataconnect.yaml in `f:\pasindu\Git\project\devfest-2023-demo\dataconnect`
 {"metadata":{"emulator":{"name":"dataconnect"},"message":"E1207 12:59:05.810384   12316 load.go:23] Could not load config from \"f:\\\\pasindu\\\\Git\\\\project\\\\devfest-2023-demo\\\\dataconnect\": could not find dataconnect.yaml in `f:\\pasindu\\Git\\project\\devfest-2023-demo\\dataconnect`\n"}}
[debug] [2024-12-07T07:29:15.810Z] E1207 12:59:15.810039   12316 load.go:23] Could not load config from "f:\\pasindu\\Git\\project\\devfest-2023-demo\\dataconnect": could not find dataconnect.yaml in `f:\pasindu\Git\project\devfest-2023-demo\dataconnect`
 {"metadata":{"emulator":{"name":"dataconnect"},"message":"E1207 12:59:15.810039   12316 load.go:23] Could not load config from \"f:\\\\pasindu\\\\Git\\\\project\\\\devfest-2023-demo\\\\dataconnect\": could not find dataconnect.yaml in `f:\\pasindu\\Git\\project\\devfest-2023-demo\\dataconnect`\n"}}
[debug] [2024-12-07T07:29:25.814Z] E1207 12:59:25.814743   12316 load.go:23] Could not load config from "f:\\pasindu\\Git\\project\\devfest-2023-demo\\dataconnect": could not find dataconnect.yaml in `f:\pasindu\Git\project\devfest-2023-demo\dataconnect`
 {"metadata":{"emulator":{"name":"dataconnect"},"message":"E1207 12:59:25.814743   12316 load.go:23] Could not load config from \"f:\\\\pasindu\\\\Git\\\\project\\\\devfest-2023-demo\\\\dataconnect\": could not find dataconnect.yaml in `f:\\pasindu\\Git\\project\\devfest-2023-demo\\dataconnect`\n"}}
[debug] [2024-12-07T07:29:35.813Z] E1207 12:59:35.813404   12316 load.go:23] Could not load config from "f:\\pasindu\\Git\\project\\devfest-2023-demo\\dataconnect": could not find dataconnect.yaml in `f:\pasindu\Git\project\devfest-2023-demo\dataconnect`
 {"metadata":{"emulator":{"name":"dataconnect"},"message":"E1207 12:59:35.813404   12316 load.go:23] Could not load config from \"f:\\\\pasindu\\\\Git\\\\project\\\\devfest-2023-demo\\\\dataconnect\": could not find dataconnect.yaml in `f:\\pasindu\\Git\\project\\devfest-2023-demo\\dataconnect`\n"}}
[debug] [2024-12-07T07:29:45.817Z] E1207 12:59:45.818277   12316 load.go:23] Could not load config from "f:\\pasindu\\Git\\project\\devfest-2023-demo\\dataconnect": could not find dataconnect.yaml in `f:\pasindu\Git\project\devfest-2023-demo\dataconnect`
 {"metadata":{"emulator":{"name":"dataconnect"},"message":"E1207 12:59:45.818277   12316 load.go:23] Could not load config from \"f:\\\\pasindu\\\\Git\\\\project\\\\devfest-2023-demo\\\\dataconnect\": could not find dataconnect.yaml in `f:\\pasindu\\Git\\project\\devfest-2023-demo\\dataconnect`\n"}}
[debug] [2024-12-07T07:29:55.814Z] E1207 12:59:55.814589   12316 load.go:23] Could not load config from "f:\\pasindu\\Git\\project\\devfest-2023-demo\\dataconnect": could not find dataconnect.yaml in `f:\pasindu\Git\project\devfest-2023-demo\dataconnect`
 {"metadata":{"emulator":{"name":"dataconnect"},"message":"E1207 12:59:55.814589   12316 load.go:23] Could not load config from \"f:\\\\pasindu\\\\Git\\\\project\\\\devfest-2023-demo\\\\dataconnect\": could not find dataconnect.yaml in `f:\\pasindu\\Git\\project\\devfest-2023-demo\\dataconnect`\n"}}
[debug] [2024-12-07T07:30:05.819Z] E1207 13:00:05.819810   12316 load.go:23] Could not load config from "f:\\pasindu\\Git\\project\\devfest-2023-demo\\dataconnect": could not find dataconnect.yaml in `f:\pasindu\Git\project\devfest-2023-demo\dataconnect`
E1207 13:00:05.820418   12316 watch.go:75] watchAllDir unable to walk dir `f:\pasindu\Git\project\devfest-2023-demo\dataconnect`: on path "f:\\pasindu\\Git\\project\\devfest-2023-demo\\dataconnect" (DirEntry: <nil>): CreateFile f:\pasindu\Git\project\devfest-2023-demo\dataconnect: The system cannot find the file specified.
 {"metadata":{"emulator":{"name":"dataconnect"},"message":"E1207 13:00:05.819810   12316 load.go:23] Could not load config from \"f:\\\\pasindu\\\\Git\\\\project\\\\devfest-2023-demo\\\\dataconnect\": could not find dataconnect.yaml in `f:\\pasindu\\Git\\project\\devfest-2023-demo\\dataconnect`\nE1207 13:00:05.820418   12316 watch.go:75] watchAllDir unable to walk dir `f:\\pasindu\\Git\\project\\devfest-2023-demo\\dataconnect`: on path \"f:\\\\pasindu\\\\Git\\\\project\\\\devfest-2023-demo\\\\dataconnect\" (DirEntry: <nil>): CreateFile f:\\pasindu\\Git\\project\\devfest-2023-demo\\dataconnect: The system cannot find the file specified.\n"}}
[debug] [2024-12-07T07:30:15.819Z] E1207 13:00:15.818977   12316 load.go:23] Could not load config from "f:\\pasindu\\Git\\project\\devfest-2023-demo\\dataconnect": could not find dataconnect.yaml in `f:\pasindu\Git\project\devfest-2023-demo\dataconnect`
 {"metadata":{"emulator":{"name":"dataconnect"},"message":"E1207 13:00:15.818977   12316 load.go:23] Could not load config from \"f:\\\\pasindu\\\\Git\\\\project\\\\devfest-2023-demo\\\\dataconnect\": could not find dataconnect.yaml in `f:\\pasindu\\Git\\project\\devfest-2023-demo\\dataconnect`\n"}}
[debug] [2024-12-07T07:30:25.813Z] E1207 13:00:25.812686   12316 load.go:23] Could not load config from "f:\\pasindu\\Git\\project\\devfest-2023-demo\\dataconnect": could not find dataconnect.yaml in `f:\pasindu\Git\project\devfest-2023-demo\dataconnect`
 {"metadata":{"emulator":{"name":"dataconnect"},"message":"E1207 13:00:25.812686   12316 load.go:23] Could not load config from \"f:\\\\pasindu\\\\Git\\\\project\\\\devfest-2023-demo\\\\dataconnect\": could not find dataconnect.yaml in `f:\\pasindu\\Git\\project\\devfest-2023-demo\\dataconnect`\n"}}
[debug] [2024-12-07T07:30:35.819Z] E1207 13:00:35.818904   12316 load.go:23] Could not load config from "f:\\pasindu\\Git\\project\\devfest-2023-demo\\dataconnect": could not find dataconnect.yaml in `f:\pasindu\Git\project\devfest-2023-demo\dataconnect`
 {"metadata":{"emulator":{"name":"dataconnect"},"message":"E1207 13:00:35.818904   12316 load.go:23] Could not load config from \"f:\\\\pasindu\\\\Git\\\\project\\\\devfest-2023-demo\\\\dataconnect\": could not find dataconnect.yaml in `f:\\pasindu\\Git\\project\\devfest-2023-demo\\dataconnect`\n"}}
[debug] [2024-12-07T07:30:45.820Z] E1207 13:00:45.820435   12316 load.go:23] Could not load config from "f:\\pasindu\\Git\\project\\devfest-2023-demo\\dataconnect": could not find dataconnect.yaml in `f:\pasindu\Git\project\devfest-2023-demo\dataconnect`
 {"metadata":{"emulator":{"name":"dataconnect"},"message":"E1207 13:00:45.820435   12316 load.go:23] Could not load config from \"f:\\\\pasindu\\\\Git\\\\project\\\\devfest-2023-demo\\\\dataconnect\": could not find dataconnect.yaml in `f:\\pasindu\\Git\\project\\devfest-2023-demo\\dataconnect`\n"}}
[debug] [2024-12-07T07:30:55.821Z] E1207 13:00:55.821605   12316 load.go:23] Could not load config from "f:\\pasindu\\Git\\project\\devfest-2023-demo\\dataconnect": could not find dataconnect.yaml in `f:\pasindu\Git\project\devfest-2023-demo\dataconnect`
 {"metadata":{"emulator":{"name":"dataconnect"},"message":"E1207 13:00:55.821605   12316 load.go:23] Could not load config from \"f:\\\\pasindu\\\\Git\\\\project\\\\devfest-2023-demo\\\\dataconnect\": could not find dataconnect.yaml in `f:\\pasindu\\Git\\project\\devfest-2023-demo\\dataconnect`\n"}}
[debug] [2024-12-07T07:31:05.823Z] E1207 13:01:05.823339   12316 load.go:23] Could not load config from "f:\\pasindu\\Git\\project\\devfest-2023-demo\\dataconnect": could not find dataconnect.yaml in `f:\pasindu\Git\project\devfest-2023-demo\dataconnect`
 {"metadata":{"emulator":{"name":"dataconnect"},"message":"E1207 13:01:05.823339   12316 load.go:23] Could not load config from \"f:\\\\pasindu\\\\Git\\\\project\\\\devfest-2023-demo\\\\dataconnect\": could not find dataconnect.yaml in `f:\\pasindu\\Git\\project\\devfest-2023-demo\\dataconnect`\n"}}
[debug] [2024-12-07T07:31:15.822Z] E1207 13:01:15.822530   12316 load.go:23] Could not load config from "f:\\pasindu\\Git\\project\\devfest-2023-demo\\dataconnect": could not find dataconnect.yaml in `f:\pasindu\Git\project\devfest-2023-demo\dataconnect`
 {"metadata":{"emulator":{"name":"dataconnect"},"message":"E1207 13:01:15.822530   12316 load.go:23] Could not load config from \"f:\\\\pasindu\\\\Git\\\\project\\\\devfest-2023-demo\\\\dataconnect\": could not find dataconnect.yaml in `f:\\pasindu\\Git\\project\\devfest-2023-demo\\dataconnect`\n"}}
[debug] [2024-12-07T07:31:25.812Z] E1207 13:01:25.811993   12316 load.go:23] Could not load config from "f:\\pasindu\\Git\\project\\devfest-2023-demo\\dataconnect": could not find dataconnect.yaml in `f:\pasindu\Git\project\devfest-2023-demo\dataconnect`
 {"metadata":{"emulator":{"name":"dataconnect"},"message":"E1207 13:01:25.811993   12316 load.go:23] Could not load config from \"f:\\\\pasindu\\\\Git\\\\project\\\\devfest-2023-demo\\\\dataconnect\": could not find dataconnect.yaml in `f:\\pasindu\\Git\\project\\devfest-2023-demo\\dataconnect`\n"}}
[debug] [2024-12-07T07:31:35.811Z] E1207 13:01:35.811028   12316 load.go:23] Could not load config from "f:\\pasindu\\Git\\project\\devfest-2023-demo\\dataconnect": could not find dataconnect.yaml in `f:\pasindu\Git\project\devfest-2023-demo\dataconnect`
 {"metadata":{"emulator":{"name":"dataconnect"},"message":"E1207 13:01:35.811028   12316 load.go:23] Could not load config from \"f:\\\\pasindu\\\\Git\\\\project\\\\devfest-2023-demo\\\\dataconnect\": could not find dataconnect.yaml in `f:\\pasindu\\Git\\project\\devfest-2023-demo\\dataconnect`\n"}}
[debug] [2024-12-07T07:31:45.809Z] E1207 13:01:45.808930   12316 load.go:23] Could not load config from "f:\\pasindu\\Git\\project\\devfest-2023-demo\\dataconnect": could not find dataconnect.yaml in `f:\pasindu\Git\project\devfest-2023-demo\dataconnect`
 {"metadata":{"emulator":{"name":"dataconnect"},"message":"E1207 13:01:45.808930   12316 load.go:23] Could not load config from \"f:\\\\pasindu\\\\Git\\\\project\\\\devfest-2023-demo\\\\dataconnect\": could not find dataconnect.yaml in `f:\\pasindu\\Git\\project\\devfest-2023-demo\\dataconnect`\n"}}
[debug] [2024-12-07T07:31:55.811Z] E1207 13:01:55.810844   12316 load.go:23] Could not load config from "f:\\pasindu\\Git\\project\\devfest-2023-demo\\dataconnect": could not find dataconnect.yaml in `f:\pasindu\Git\project\devfest-2023-demo\dataconnect`
 {"metadata":{"emulator":{"name":"dataconnect"},"message":"E1207 13:01:55.810844   12316 load.go:23] Could not load config from \"f:\\\\pasindu\\\\Git\\\\project\\\\devfest-2023-demo\\\\dataconnect\": could not find dataconnect.yaml in `f:\\pasindu\\Git\\project\\devfest-2023-demo\\dataconnect`\n"}}
[debug] [2024-12-07T07:32:05.810Z] E1207 13:02:05.810016   12316 load.go:23] Could not load config from "f:\\pasindu\\Git\\project\\devfest-2023-demo\\dataconnect": could not find dataconnect.yaml in `f:\pasindu\Git\project\devfest-2023-demo\dataconnect`
E1207 13:02:05.810296   12316 watch.go:75] watchAllDir unable to walk dir `f:\pasindu\Git\project\devfest-2023-demo\dataconnect`: on path "f:\\pasindu\\Git\\project\\devfest-2023-demo\\dataconnect" (DirEntry: <nil>): CreateFile f:\pasindu\Git\project\devfest-2023-demo\dataconnect: The system cannot find the file specified.
 {"metadata":{"emulator":{"name":"dataconnect"},"message":"E1207 13:02:05.810016   12316 load.go:23] Could not load config from \"f:\\\\pasindu\\\\Git\\\\project\\\\devfest-2023-demo\\\\dataconnect\": could not find dataconnect.yaml in `f:\\pasindu\\Git\\project\\devfest-2023-demo\\dataconnect`\nE1207 13:02:05.810296   12316 watch.go:75] watchAllDir unable to walk dir `f:\\pasindu\\Git\\project\\devfest-2023-demo\\dataconnect`: on path \"f:\\\\pasindu\\\\Git\\\\project\\\\devfest-2023-demo\\\\dataconnect\" (DirEntry: <nil>): CreateFile f:\\pasindu\\Git\\project\\devfest-2023-demo\\dataconnect: The system cannot find the file specified.\n"}}
[debug] [2024-12-07T07:32:15.819Z] E1207 13:02:15.818327   12316 load.go:23] Could not load config from "f:\\pasindu\\Git\\project\\devfest-2023-demo\\dataconnect": could not find dataconnect.yaml in `f:\pasindu\Git\project\devfest-2023-demo\dataconnect`
 {"metadata":{"emulator":{"name":"dataconnect"},"message":"E1207 13:02:15.818327   12316 load.go:23] Could not load config from \"f:\\\\pasindu\\\\Git\\\\project\\\\devfest-2023-demo\\\\dataconnect\": could not find dataconnect.yaml in `f:\\pasindu\\Git\\project\\devfest-2023-demo\\dataconnect`\n"}}
[debug] [2024-12-07T07:32:25.818Z] E1207 13:02:25.818016   12316 load.go:23] Could not load config from "f:\\pasindu\\Git\\project\\devfest-2023-demo\\dataconnect": could not find dataconnect.yaml in `f:\pasindu\Git\project\devfest-2023-demo\dataconnect`
 {"metadata":{"emulator":{"name":"dataconnect"},"message":"E1207 13:02:25.818016   12316 load.go:23] Could not load config from \"f:\\\\pasindu\\\\Git\\\\project\\\\devfest-2023-demo\\\\dataconnect\": could not find dataconnect.yaml in `f:\\pasindu\\Git\\project\\devfest-2023-demo\\dataconnect`\n"}}
[debug] [2024-12-07T07:32:35.825Z] E1207 13:02:35.824359   12316 load.go:23] Could not load config from "f:\\pasindu\\Git\\project\\devfest-2023-demo\\dataconnect": could not find dataconnect.yaml in `f:\pasindu\Git\project\devfest-2023-demo\dataconnect`
 {"metadata":{"emulator":{"name":"dataconnect"},"message":"E1207 13:02:35.824359   12316 load.go:23] Could not load config from \"f:\\\\pasindu\\\\Git\\\\project\\\\devfest-2023-demo\\\\dataconnect\": could not find dataconnect.yaml in `f:\\pasindu\\Git\\project\\devfest-2023-demo\\dataconnect`\n"}}
[debug] [2024-12-07T07:32:45.822Z] E1207 13:02:45.819760   12316 load.go:23] Could not load config from "f:\\pasindu\\Git\\project\\devfest-2023-demo\\dataconnect": could not find dataconnect.yaml in `f:\pasindu\Git\project\devfest-2023-demo\dataconnect`
 {"metadata":{"emulator":{"name":"dataconnect"},"message":"E1207 13:02:45.819760   12316 load.go:23] Could not load config from \"f:\\\\pasindu\\\\Git\\\\project\\\\devfest-2023-demo\\\\dataconnect\": could not find dataconnect.yaml in `f:\\pasindu\\Git\\project\\devfest-2023-demo\\dataconnect`\n"}}
[debug] [2024-12-07T07:32:55.815Z] E1207 13:02:55.815019   12316 load.go:23] Could not load config from "f:\\pasindu\\Git\\project\\devfest-2023-demo\\dataconnect": could not find dataconnect.yaml in `f:\pasindu\Git\project\devfest-2023-demo\dataconnect`
 {"metadata":{"emulator":{"name":"dataconnect"},"message":"E1207 13:02:55.815019   12316 load.go:23] Could not load config from \"f:\\\\pasindu\\\\Git\\\\project\\\\devfest-2023-demo\\\\dataconnect\": could not find dataconnect.yaml in `f:\\pasindu\\Git\\project\\devfest-2023-demo\\dataconnect`\n"}}
[debug] [2024-12-07T07:33:05.814Z] E1207 13:03:05.814745   12316 load.go:23] Could not load config from "f:\\pasindu\\Git\\project\\devfest-2023-demo\\dataconnect": could not find dataconnect.yaml in `f:\pasindu\Git\project\devfest-2023-demo\dataconnect`
 {"metadata":{"emulator":{"name":"dataconnect"},"message":"E1207 13:03:05.814745   12316 load.go:23] Could not load config from \"f:\\\\pasindu\\\\Git\\\\project\\\\devfest-2023-demo\\\\dataconnect\": could not find dataconnect.yaml in `f:\\pasindu\\Git\\project\\devfest-2023-demo\\dataconnect`\n"}}
[debug] [2024-12-07T07:33:15.814Z] E1207 13:03:15.814796   12316 load.go:23] Could not load config from "f:\\pasindu\\Git\\project\\devfest-2023-demo\\dataconnect": could not find dataconnect.yaml in `f:\pasindu\Git\project\devfest-2023-demo\dataconnect`
 {"metadata":{"emulator":{"name":"dataconnect"},"message":"E1207 13:03:15.814796   12316 load.go:23] Could not load config from \"f:\\\\pasindu\\\\Git\\\\project\\\\devfest-2023-demo\\\\dataconnect\": could not find dataconnect.yaml in `f:\\pasindu\\Git\\project\\devfest-2023-demo\\dataconnect`\n"}}
[debug] [2024-12-07T07:33:25.820Z] E1207 13:03:25.820674   12316 load.go:23] Could not load config from "f:\\pasindu\\Git\\project\\devfest-2023-demo\\dataconnect": could not find dataconnect.yaml in `f:\pasindu\Git\project\devfest-2023-demo\dataconnect`
 {"metadata":{"emulator":{"name":"dataconnect"},"message":"E1207 13:03:25.820674   12316 load.go:23] Could not load config from \"f:\\\\pasindu\\\\Git\\\\project\\\\devfest-2023-demo\\\\dataconnect\": could not find dataconnect.yaml in `f:\\pasindu\\Git\\project\\devfest-2023-demo\\dataconnect`\n"}}
[debug] [2024-12-07T07:33:35.810Z] E1207 13:03:35.810323   12316 load.go:23] Could not load config from "f:\\pasindu\\Git\\project\\devfest-2023-demo\\dataconnect": could not find dataconnect.yaml in `f:\pasindu\Git\project\devfest-2023-demo\dataconnect`
 {"metadata":{"emulator":{"name":"dataconnect"},"message":"E1207 13:03:35.810323   12316 load.go:23] Could not load config from \"f:\\\\pasindu\\\\Git\\\\project\\\\devfest-2023-demo\\\\dataconnect\": could not find dataconnect.yaml in `f:\\pasindu\\Git\\project\\devfest-2023-demo\\dataconnect`\n"}}
[debug] [2024-12-07T07:33:45.822Z] E1207 13:03:45.822092   12316 load.go:23] Could not load config from "f:\\pasindu\\Git\\project\\devfest-2023-demo\\dataconnect": could not find dataconnect.yaml in `f:\pasindu\Git\project\devfest-2023-demo\dataconnect`
 {"metadata":{"emulator":{"name":"dataconnect"},"message":"E1207 13:03:45.822092   12316 load.go:23] Could not load config from \"f:\\\\pasindu\\\\Git\\\\project\\\\devfest-2023-demo\\\\dataconnect\": could not find dataconnect.yaml in `f:\\pasindu\\Git\\project\\devfest-2023-demo\\dataconnect`\n"}}
[debug] [2024-12-07T07:33:55.819Z] E1207 13:03:55.819363   12316 load.go:23] Could not load config from "f:\\pasindu\\Git\\project\\devfest-2023-demo\\dataconnect": could not find dataconnect.yaml in `f:\pasindu\Git\project\devfest-2023-demo\dataconnect`
 {"metadata":{"emulator":{"name":"dataconnect"},"message":"E1207 13:03:55.819363   12316 load.go:23] Could not load config from \"f:\\\\pasindu\\\\Git\\\\project\\\\devfest-2023-demo\\\\dataconnect\": could not find dataconnect.yaml in `f:\\pasindu\\Git\\project\\devfest-2023-demo\\dataconnect`\n"}}
[debug] [2024-12-07T07:34:05.816Z] E1207 13:04:05.816361   12316 load.go:23] Could not load config from "f:\\pasindu\\Git\\project\\devfest-2023-demo\\dataconnect": could not find dataconnect.yaml in `f:\pasindu\Git\project\devfest-2023-demo\dataconnect`
 {"metadata":{"emulator":{"name":"dataconnect"},"message":"E1207 13:04:05.816361   12316 load.go:23] Could not load config from \"f:\\\\pasindu\\\\Git\\\\project\\\\devfest-2023-demo\\\\dataconnect\": could not find dataconnect.yaml in `f:\\pasindu\\Git\\project\\devfest-2023-demo\\dataconnect`\n"}}
[debug] [2024-12-07T07:34:05.818Z] E1207 13:04:05.816974   12316 watch.go:75] watchAllDir unable to walk dir `f:\pasindu\Git\project\devfest-2023-demo\dataconnect`: on path "f:\\pasindu\\Git\\project\\devfest-2023-demo\\dataconnect" (DirEntry: <nil>): CreateFile f:\pasindu\Git\project\devfest-2023-demo\dataconnect: The system cannot find the file specified.
 {"metadata":{"emulator":{"name":"dataconnect"},"message":"E1207 13:04:05.816974   12316 watch.go:75] watchAllDir unable to walk dir `f:\\pasindu\\Git\\project\\devfest-2023-demo\\dataconnect`: on path \"f:\\\\pasindu\\\\Git\\\\project\\\\devfest-2023-demo\\\\dataconnect\" (DirEntry: <nil>): CreateFile f:\\pasindu\\Git\\project\\devfest-2023-demo\\dataconnect: The system cannot find the file specified.\n"}}
[debug] [2024-12-07T07:34:15.819Z] E1207 13:04:15.820185   12316 load.go:23] Could not load config from "f:\\pasindu\\Git\\project\\devfest-2023-demo\\dataconnect": could not find dataconnect.yaml in `f:\pasindu\Git\project\devfest-2023-demo\dataconnect`
 {"metadata":{"emulator":{"name":"dataconnect"},"message":"E1207 13:04:15.820185   12316 load.go:23] Could not load config from \"f:\\\\pasindu\\\\Git\\\\project\\\\devfest-2023-demo\\\\dataconnect\": could not find dataconnect.yaml in `f:\\pasindu\\Git\\project\\devfest-2023-demo\\dataconnect`\n"}}
[debug] [2024-12-07T07:34:25.817Z] E1207 13:04:25.817622   12316 load.go:23] Could not load config from "f:\\pasindu\\Git\\project\\devfest-2023-demo\\dataconnect": could not find dataconnect.yaml in `f:\pasindu\Git\project\devfest-2023-demo\dataconnect`
 {"metadata":{"emulator":{"name":"dataconnect"},"message":"E1207 13:04:25.817622   12316 load.go:23] Could not load config from \"f:\\\\pasindu\\\\Git\\\\project\\\\devfest-2023-demo\\\\dataconnect\": could not find dataconnect.yaml in `f:\\pasindu\\Git\\project\\devfest-2023-demo\\dataconnect`\n"}}
[debug] [2024-12-07T07:34:35.814Z] E1207 13:04:35.814376   12316 load.go:23] Could not load config from "f:\\pasindu\\Git\\project\\devfest-2023-demo\\dataconnect": could not find dataconnect.yaml in `f:\pasindu\Git\project\devfest-2023-demo\dataconnect`
 {"metadata":{"emulator":{"name":"dataconnect"},"message":"E1207 13:04:35.814376   12316 load.go:23] Could not load config from \"f:\\\\pasindu\\\\Git\\\\project\\\\devfest-2023-demo\\\\dataconnect\": could not find dataconnect.yaml in `f:\\pasindu\\Git\\project\\devfest-2023-demo\\dataconnect`\n"}}
[debug] [2024-12-07T07:34:45.824Z] E1207 13:04:45.824564   12316 load.go:23] Could not load config from "f:\\pasindu\\Git\\project\\devfest-2023-demo\\dataconnect": could not find dataconnect.yaml in `f:\pasindu\Git\project\devfest-2023-demo\dataconnect`
 {"metadata":{"emulator":{"name":"dataconnect"},"message":"E1207 13:04:45.824564   12316 load.go:23] Could not load config from \"f:\\\\pasindu\\\\Git\\\\project\\\\devfest-2023-demo\\\\dataconnect\": could not find dataconnect.yaml in `f:\\pasindu\\Git\\project\\devfest-2023-demo\\dataconnect`\n"}}
[debug] [2024-12-07T07:34:55.816Z] E1207 13:04:55.815878   12316 load.go:23] Could not load config from "f:\\pasindu\\Git\\project\\devfest-2023-demo\\dataconnect": could not find dataconnect.yaml in `f:\pasindu\Git\project\devfest-2023-demo\dataconnect`
 {"metadata":{"emulator":{"name":"dataconnect"},"message":"E1207 13:04:55.815878   12316 load.go:23] Could not load config from \"f:\\\\pasindu\\\\Git\\\\project\\\\devfest-2023-demo\\\\dataconnect\": could not find dataconnect.yaml in `f:\\pasindu\\Git\\project\\devfest-2023-demo\\dataconnect`\n"}}
[debug] [2024-12-07T07:35:05.822Z] E1207 13:05:05.821548   12316 load.go:23] Could not load config from "f:\\pasindu\\Git\\project\\devfest-2023-demo\\dataconnect": could not find dataconnect.yaml in `f:\pasindu\Git\project\devfest-2023-demo\dataconnect`
 {"metadata":{"emulator":{"name":"dataconnect"},"message":"E1207 13:05:05.821548   12316 load.go:23] Could not load config from \"f:\\\\pasindu\\\\Git\\\\project\\\\devfest-2023-demo\\\\dataconnect\": could not find dataconnect.yaml in `f:\\pasindu\\Git\\project\\devfest-2023-demo\\dataconnect`\n"}}
[debug] [2024-12-07T07:35:15.812Z] E1207 13:05:15.812057   12316 load.go:23] Could not load config from "f:\\pasindu\\Git\\project\\devfest-2023-demo\\dataconnect": could not find dataconnect.yaml in `f:\pasindu\Git\project\devfest-2023-demo\dataconnect`
 {"metadata":{"emulator":{"name":"dataconnect"},"message":"E1207 13:05:15.812057   12316 load.go:23] Could not load config from \"f:\\\\pasindu\\\\Git\\\\project\\\\devfest-2023-demo\\\\dataconnect\": could not find dataconnect.yaml in `f:\\pasindu\\Git\\project\\devfest-2023-demo\\dataconnect`\n"}}
[debug] [2024-12-07T07:35:25.817Z] E1207 13:05:25.816419   12316 load.go:23] Could not load config from "f:\\pasindu\\Git\\project\\devfest-2023-demo\\dataconnect": could not find dataconnect.yaml in `f:\pasindu\Git\project\devfest-2023-demo\dataconnect`
 {"metadata":{"emulator":{"name":"dataconnect"},"message":"E1207 13:05:25.816419   12316 load.go:23] Could not load config from \"f:\\\\pasindu\\\\Git\\\\project\\\\devfest-2023-demo\\\\dataconnect\": could not find dataconnect.yaml in `f:\\pasindu\\Git\\project\\devfest-2023-demo\\dataconnect`\n"}}
[debug] [2024-12-07T07:35:35.823Z] E1207 13:05:35.823462   12316 load.go:23] Could not load config from "f:\\pasindu\\Git\\project\\devfest-2023-demo\\dataconnect": could not find dataconnect.yaml in `f:\pasindu\Git\project\devfest-2023-demo\dataconnect`
 {"metadata":{"emulator":{"name":"dataconnect"},"message":"E1207 13:05:35.823462   12316 load.go:23] Could not load config from \"f:\\\\pasindu\\\\Git\\\\project\\\\devfest-2023-demo\\\\dataconnect\": could not find dataconnect.yaml in `f:\\pasindu\\Git\\project\\devfest-2023-demo\\dataconnect`\n"}}
[debug] [2024-12-07T07:35:45.817Z] E1207 13:05:45.816600   12316 load.go:23] Could not load config from "f:\\pasindu\\Git\\project\\devfest-2023-demo\\dataconnect": could not find dataconnect.yaml in `f:\pasindu\Git\project\devfest-2023-demo\dataconnect`
 {"metadata":{"emulator":{"name":"dataconnect"},"message":"E1207 13:05:45.816600   12316 load.go:23] Could not load config from \"f:\\\\pasindu\\\\Git\\\\project\\\\devfest-2023-demo\\\\dataconnect\": could not find dataconnect.yaml in `f:\\pasindu\\Git\\project\\devfest-2023-demo\\dataconnect`\n"}}
[debug] [2024-12-07T07:35:55.813Z] E1207 13:05:55.812478   12316 load.go:23] Could not load config from "f:\\pasindu\\Git\\project\\devfest-2023-demo\\dataconnect": could not find dataconnect.yaml in `f:\pasindu\Git\project\devfest-2023-demo\dataconnect`
 {"metadata":{"emulator":{"name":"dataconnect"},"message":"E1207 13:05:55.812478   12316 load.go:23] Could not load config from \"f:\\\\pasindu\\\\Git\\\\project\\\\devfest-2023-demo\\\\dataconnect\": could not find dataconnect.yaml in `f:\\pasindu\\Git\\project\\devfest-2023-demo\\dataconnect`\n"}}
[debug] [2024-12-07T07:36:05.819Z] E1207 13:06:05.818497   12316 load.go:23] Could not load config from "f:\\pasindu\\Git\\project\\devfest-2023-demo\\dataconnect": could not find dataconnect.yaml in `f:\pasindu\Git\project\devfest-2023-demo\dataconnect`
 {"metadata":{"emulator":{"name":"dataconnect"},"message":"E1207 13:06:05.818497   12316 load.go:23] Could not load config from \"f:\\\\pasindu\\\\Git\\\\project\\\\devfest-2023-demo\\\\dataconnect\": could not find dataconnect.yaml in `f:\\pasindu\\Git\\project\\devfest-2023-demo\\dataconnect`\n"}}
[debug] [2024-12-07T07:36:05.820Z] E1207 13:06:05.819018   12316 watch.go:75] watchAllDir unable to walk dir `f:\pasindu\Git\project\devfest-2023-demo\dataconnect`: on path "f:\\pasindu\\Git\\project\\devfest-2023-demo\\dataconnect" (DirEntry: <nil>): CreateFile f:\pasindu\Git\project\devfest-2023-demo\dataconnect: The system cannot find the file specified.
 {"metadata":{"emulator":{"name":"dataconnect"},"message":"E1207 13:06:05.819018   12316 watch.go:75] watchAllDir unable to walk dir `f:\\pasindu\\Git\\project\\devfest-2023-demo\\dataconnect`: on path \"f:\\\\pasindu\\\\Git\\\\project\\\\devfest-2023-demo\\\\dataconnect\" (DirEntry: <nil>): CreateFile f:\\pasindu\\Git\\project\\devfest-2023-demo\\dataconnect: The system cannot find the file specified.\n"}}
[debug] [2024-12-07T07:36:15.810Z] E1207 13:06:15.809784   12316 load.go:23] Could not load config from "f:\\pasindu\\Git\\project\\devfest-2023-demo\\dataconnect": could not find dataconnect.yaml in `f:\pasindu\Git\project\devfest-2023-demo\dataconnect`
 {"metadata":{"emulator":{"name":"dataconnect"},"message":"E1207 13:06:15.809784   12316 load.go:23] Could not load config from \"f:\\\\pasindu\\\\Git\\\\project\\\\devfest-2023-demo\\\\dataconnect\": could not find dataconnect.yaml in `f:\\pasindu\\Git\\project\\devfest-2023-demo\\dataconnect`\n"}}
[debug] [2024-12-07T07:36:25.817Z] E1207 13:06:25.816157   12316 load.go:23] Could not load config from "f:\\pasindu\\Git\\project\\devfest-2023-demo\\dataconnect": could not find dataconnect.yaml in `f:\pasindu\Git\project\devfest-2023-demo\dataconnect`
 {"metadata":{"emulator":{"name":"dataconnect"},"message":"E1207 13:06:25.816157   12316 load.go:23] Could not load config from \"f:\\\\pasindu\\\\Git\\\\project\\\\devfest-2023-demo\\\\dataconnect\": could not find dataconnect.yaml in `f:\\pasindu\\Git\\project\\devfest-2023-demo\\dataconnect`\n"}}
[debug] [2024-12-07T07:36:35.816Z] E1207 13:06:35.815463   12316 load.go:23] Could not load config from "f:\\pasindu\\Git\\project\\devfest-2023-demo\\dataconnect": could not find dataconnect.yaml in `f:\pasindu\Git\project\devfest-2023-demo\dataconnect`
 {"metadata":{"emulator":{"name":"dataconnect"},"message":"E1207 13:06:35.815463   12316 load.go:23] Could not load config from \"f:\\\\pasindu\\\\Git\\\\project\\\\devfest-2023-demo\\\\dataconnect\": could not find dataconnect.yaml in `f:\\pasindu\\Git\\project\\devfest-2023-demo\\dataconnect`\n"}}
[debug] [2024-12-07T07:36:45.813Z] E1207 13:06:45.812116   12316 load.go:23] Could not load config from "f:\\pasindu\\Git\\project\\devfest-2023-demo\\dataconnect": could not find dataconnect.yaml in `f:\pasindu\Git\project\devfest-2023-demo\dataconnect`
 {"metadata":{"emulator":{"name":"dataconnect"},"message":"E1207 13:06:45.812116   12316 load.go:23] Could not load config from \"f:\\\\pasindu\\\\Git\\\\project\\\\devfest-2023-demo\\\\dataconnect\": could not find dataconnect.yaml in `f:\\pasindu\\Git\\project\\devfest-2023-demo\\dataconnect`\n"}}
[debug] [2024-12-07T07:36:55.817Z] E1207 13:06:55.817079   12316 load.go:23] Could not load config from "f:\\pasindu\\Git\\project\\devfest-2023-demo\\dataconnect": could not find dataconnect.yaml in `f:\pasindu\Git\project\devfest-2023-demo\dataconnect`
 {"metadata":{"emulator":{"name":"dataconnect"},"message":"E1207 13:06:55.817079   12316 load.go:23] Could not load config from \"f:\\\\pasindu\\\\Git\\\\project\\\\devfest-2023-demo\\\\dataconnect\": could not find dataconnect.yaml in `f:\\pasindu\\Git\\project\\devfest-2023-demo\\dataconnect`\n"}}
[debug] [2024-12-07T07:37:05.812Z] E1207 13:07:05.812058   12316 load.go:23] Could not load config from "f:\\pasindu\\Git\\project\\devfest-2023-demo\\dataconnect": could not find dataconnect.yaml in `f:\pasindu\Git\project\devfest-2023-demo\dataconnect`
 {"metadata":{"emulator":{"name":"dataconnect"},"message":"E1207 13:07:05.812058   12316 load.go:23] Could not load config from \"f:\\\\pasindu\\\\Git\\\\project\\\\devfest-2023-demo\\\\dataconnect\": could not find dataconnect.yaml in `f:\\pasindu\\Git\\project\\devfest-2023-demo\\dataconnect`\n"}}
[info] [Firebase Plugin] Stopping Data Connect toolkit
[warn] !  Data Connect Emulator has exited upon receiving signal: SIGINT 
